Note: Google Test filter = Stats.Default
[==========] Running 1 test from 1 test suite.
[----------] Global test environment set-up.
[----------] 1 test from Stats
[ RUN      ] Stats.Default
at z=0 out of 10000:
n,cipherZth,cipherOffset,cutZth,cutOffset,cipherMean,cipherSd,cipher2Mean,cipher2Sd,cutMean,cutSd,cut2Mean,cut2Sd,xyMean,xySd
40,2,39,0,-1,-0.30554,0,1.23253,0,1.50409,0,-2.14454,0,9.96044,0
1e+09/1e+11(1%)
at z=100 out of 10000:
n,cipherZth,cipherOffset,cutZth,cutOffset,cipherMean,cipherSd,cipher2Mean,cipher2Sd,cutMean,cutSd,cut2Mean,cut2Sd,xyMean,xySd
40,2,39,0,-1,-0.118274,0.908491,0.00790001,1.04503,0.0160458,1.10231,0.23284,1.00785,8.83887,1.02214
2e+09/1e+11(2%)
at z=200 out of 10000:
n,cipherZth,cipherOffset,cutZth,cutOffset,cipherMean,cipherSd,cipher2Mean,cipher2Sd,cutMean,cutSd,cut2Mean,cut2Sd,xyMean,xySd
40,2,39,0,-1,-0.0909017,0.932229,0.0427594,1.01439,0.0569224,1.01623,0.146999,1.06953,8.72654,1.00447
3e+09/1e+11(3%)
at z=300 out of 10000:
n,cipherZth,cipherOffset,cutZth,cutOffset,cipherMean,cipherSd,cipher2Mean,cipher2Sd,cutMean,cutSd,cut2Mean,cut2Sd,xyMean,xySd
40,2,39,0,-1,-0.0449928,0.935679,0.044134,0.971481,0.00521149,0.979071,0.0396258,1.06553,8.72206,1.03802
4e+09/1e+11(4%)
at z=400 out of 10000:
n,cipherZth,cipherOffset,cutZth,cutOffset,cipherMean,cipherSd,cipher2Mean,cipher2Sd,cutMean,cutSd,cut2Mean,cut2Sd,xyMean,xySd
40,2,39,0,-1,-0.01307,0.941546,-0.00696629,1.02015,0.0186677,0.990601,0.00911123,1.06766,8.75339,1.04778
5e+09/1e+11(5%)
at z=500 out of 10000:
n,cipherZth,cipherOffset,cutZth,cutOffset,cipherMean,cipherSd,cipher2Mean,cipher2Sd,cutMean,cutSd,cut2Mean,cut2Sd,xyMean,xySd
40,2,39,0,-1,-0.0128609,0.929991,0.00428685,1.02321,0.0251548,0.977766,0.0196605,1.05206,8.74722,1.05572
6e+09/1e+11(6%)
at z=600 out of 10000:
n,cipherZth,cipherOffset,cutZth,cutOffset,cipherMean,cipherSd,cipher2Mean,cipher2Sd,cutMean,cutSd,cut2Mean,cut2Sd,xyMean,xySd
40,2,39,0,-1,-0.00620462,0.933733,0.0409211,1.02263,0.0132301,0.968511,0.0127961,1.05677,8.74903,1.07705
7e+09/1e+11(7%)
at z=700 out of 10000:
n,cipherZth,cipherOffset,cutZth,cutOffset,cipherMean,cipherSd,cipher2Mean,cipher2Sd,cutMean,cutSd,cut2Mean,cut2Sd,xyMean,xySd
40,2,39,0,-1,-0.0083337,0.928681,0.0258282,1.01747,0.0115844,0.977048,0.0126684,1.03957,8.75516,1.07247
8e+09/1e+11(8%)
at z=800 out of 10000:
n,cipherZth,cipherOffset,cutZth,cutOffset,cipherMean,cipherSd,cipher2Mean,cipher2Sd,cutMean,cutSd,cut2Mean,cut2Sd,xyMean,xySd
40,2,39,0,-1,-0.0038143,0.935152,0.0203469,1.00692,0.0320484,0.990655,-0.0141903,1.04509,8.77209,1.08713
9e+09/1e+11(9%)
at z=900 out of 10000:
n,cipherZth,cipherOffset,cutZth,cutOffset,cipherMean,cipherSd,cipher2Mean,cipher2Sd,cutMean,cutSd,cut2Mean,cut2Sd,xyMean,xySd
40,2,39,0,-1,-0.02014,0.940095,0.0162915,1.00687,0.0513229,0.99081,-0.0072221,1.02748,8.76858,1.07988
1e+10/1e+11(10%)
at z=1000 out of 10000:
n,cipherZth,cipherOffset,cutZth,cutOffset,cipherMean,cipherSd,cipher2Mean,cipher2Sd,cutMean,cutSd,cut2Mean,cut2Sd,xyMean,xySd
40,2,39,0,-1,-0.0302745,0.958606,0.0110899,1.00333,0.029886,1.00118,0.00213963,1.03638,8.76034,1.08648
1.1e+10/1e+11(11%)
at z=1100 out of 10000:
n,cipherZth,cipherOffset,cutZth,cutOffset,cipherMean,cipherSd,cipher2Mean,cipher2Sd,cutMean,cutSd,cut2Mean,cut2Sd,xyMean,xySd
40,2,39,0,-1,-0.0282106,0.962335,0.0216975,1.01043,0.0036322,0.995231,-0.0118686,1.01948,8.74176,1.09623
1.2e+10/1e+11(12%)
at z=1200 out of 10000:
n,cipherZth,cipherOffset,cutZth,cutOffset,cipherMean,cipherSd,cipher2Mean,cipher2Sd,cutMean,cutSd,cut2Mean,cut2Sd,xyMean,xySd
40,2,39,0,-1,-0.0335197,0.969535,0.0114864,1.01944,0.00363586,0.997586,-0.0126299,1.01706,8.74318,1.10519
1.3e+10/1e+11(13%)
at z=1300 out of 10000:
n,cipherZth,cipherOffset,cutZth,cutOffset,cipherMean,cipherSd,cipher2Mean,cipher2Sd,cutMean,cutSd,cut2Mean,cut2Sd,xyMean,xySd
40,2,39,0,-1,-0.0403848,0.969856,0.0156982,1.0148,0.00689528,0.999211,-0.0155686,1.02007,8.75411,1.11019
1.4e+10/1e+11(14%)
at z=1400 out of 10000:
n,cipherZth,cipherOffset,cutZth,cutOffset,cipherMean,cipherSd,cipher2Mean,cipher2Sd,cutMean,cutSd,cut2Mean,cut2Sd,xyMean,xySd
40,2,39,0,-1,-0.0273674,0.968177,0.0208685,1.01165,0.0144819,1.00465,-0.00404814,1.02131,8.75318,1.1112
1.5e+10/1e+11(15%)
at z=1500 out of 10000:
n,cipherZth,cipherOffset,cutZth,cutOffset,cipherMean,cipherSd,cipher2Mean,cipher2Sd,cutMean,cutSd,cut2Mean,cut2Sd,xyMean,xySd
40,2,39,0,-1,-0.025593,0.967987,0.0290589,1.01173,0.00782374,0.997051,-0.0125285,1.02829,8.76371,1.11116
1.6e+10/1e+11(16%)
at z=1600 out of 10000:
n,cipherZth,cipherOffset,cutZth,cutOffset,cipherMean,cipherSd,cipher2Mean,cipher2Sd,cutMean,cutSd,cut2Mean,cut2Sd,xyMean,xySd
40,2,39,0,-1,-0.0356367,0.974337,0.018467,1.01219,0.0207625,0.995403,0.00177099,1.02863,8.7673,1.10407
1.7e+10/1e+11(17%)
at z=1700 out of 10000:
n,cipherZth,cipherOffset,cutZth,cutOffset,cipherMean,cipherSd,cipher2Mean,cipher2Sd,cutMean,cutSd,cut2Mean,cut2Sd,xyMean,xySd
40,2,39,0,-1,-0.0377521,0.976092,0.0106439,1.00123,0.0266789,0.994859,0.00809158,1.02862,8.76862,1.11235
1.8e+10/1e+11(18%)
at z=1800 out of 10000:
n,cipherZth,cipherOffset,cutZth,cutOffset,cipherMean,cipherSd,cipher2Mean,cipher2Sd,cutMean,cutSd,cut2Mean,cut2Sd,xyMean,xySd
40,2,39,0,-1,-0.0361476,0.983468,-0.00303906,1.0104,0.0351041,0.993099,0.00680994,1.03207,8.75994,1.1099
1.9e+10/1e+11(19%)
at z=1900 out of 10000:
n,cipherZth,cipherOffset,cutZth,cutOffset,cipherMean,cipherSd,cipher2Mean,cipher2Sd,cutMean,cutSd,cut2Mean,cut2Sd,xyMean,xySd
40,2,39,0,-1,-0.028314,0.979056,0.00409077,1.01579,0.0347837,0.996685,0.00537421,1.03137,8.75163,1.10806
2e+10/1e+11(20%)
at z=2000 out of 10000:
n,cipherZth,cipherOffset,cutZth,cutOffset,cipherMean,cipherSd,cipher2Mean,cipher2Sd,cutMean,cutSd,cut2Mean,cut2Sd,xyMean,xySd
40,2,39,0,-1,-0.0224743,0.977635,0.00783663,1.01516,0.0341245,1.00012,0.000345202,1.02889,8.75536,1.11605
2.1e+10/1e+11(21%)
at z=2100 out of 10000:
n,cipherZth,cipherOffset,cutZth,cutOffset,cipherMean,cipherSd,cipher2Mean,cipher2Sd,cutMean,cutSd,cut2Mean,cut2Sd,xyMean,xySd
40,2,39,0,-1,-0.0154631,0.977321,0.0148309,1.01782,0.0274051,0.996391,-0.0015643,1.02202,8.75212,1.11015
2.2e+10/1e+11(22%)
at z=2200 out of 10000:
n,cipherZth,cipherOffset,cutZth,cutOffset,cipherMean,cipherSd,cipher2Mean,cipher2Sd,cutMean,cutSd,cut2Mean,cut2Sd,xyMean,xySd
40,2,39,0,-1,-0.0234093,0.980236,0.010626,1.01794,0.0305582,0.999553,0.00634648,1.01969,8.7452,1.10646
2.3e+10/1e+11(23%)
at z=2300 out of 10000:
n,cipherZth,cipherOffset,cutZth,cutOffset,cipherMean,cipherSd,cipher2Mean,cipher2Sd,cutMean,cutSd,cut2Mean,cut2Sd,xyMean,xySd
40,2,39,0,-1,-0.0199626,0.979604,0.0148554,1.01173,0.036915,0.997407,0.0108487,1.01643,8.74703,1.11015
2.4e+10/1e+11(24%)
at z=2400 out of 10000:
n,cipherZth,cipherOffset,cutZth,cutOffset,cipherMean,cipherSd,cipher2Mean,cipher2Sd,cutMean,cutSd,cut2Mean,cut2Sd,xyMean,xySd
40,2,39,0,-1,-0.0152421,0.982176,0.0083659,1.02047,0.0309687,0.996263,0.00351278,1.0174,8.74586,1.11604
2.5e+10/1e+11(25%)
at z=2500 out of 10000:
n,cipherZth,cipherOffset,cutZth,cutOffset,cipherMean,cipherSd,cipher2Mean,cipher2Sd,cutMean,cutSd,cut2Mean,cut2Sd,xyMean,xySd
40,2,39,0,-1,-0.0171716,0.98439,0.0107868,1.02516,0.0291418,1.00219,0.00240332,1.01418,8.75047,1.11256
2.6e+10/1e+11(26%)
at z=2600 out of 10000:
n,cipherZth,cipherOffset,cutZth,cutOffset,cipherMean,cipherSd,cipher2Mean,cipher2Sd,cutMean,cutSd,cut2Mean,cut2Sd,xyMean,xySd
40,2,39,0,-1,-0.0121863,0.986842,0.0104392,1.02521,0.0274574,1.00389,0.00542328,1.01063,8.75548,1.11726
2.7e+10/1e+11(27%)
at z=2700 out of 10000:
n,cipherZth,cipherOffset,cutZth,cutOffset,cipherMean,cipherSd,cipher2Mean,cipher2Sd,cutMean,cutSd,cut2Mean,cut2Sd,xyMean,xySd
40,2,39,0,-1,-0.00942552,0.987058,0.0142002,1.02471,0.0262469,1.0023,0.00305116,1.00867,8.75856,1.12218
2.8e+10/1e+11(28%)
at z=2800 out of 10000:
n,cipherZth,cipherOffset,cutZth,cutOffset,cipherMean,cipherSd,cipher2Mean,cipher2Sd,cutMean,cutSd,cut2Mean,cut2Sd,xyMean,xySd
40,2,39,0,-1,-0.0122565,0.992187,0.0130228,1.02484,0.0254959,1.00462,0.00496843,1.00904,8.75475,1.12276
2.9e+10/1e+11(29%)
at z=2900 out of 10000:
n,cipherZth,cipherOffset,cutZth,cutOffset,cipherMean,cipherSd,cipher2Mean,cipher2Sd,cutMean,cutSd,cut2Mean,cut2Sd,xyMean,xySd
40,2,39,0,-1,-0.0122537,0.990732,0.00860557,1.02298,0.0290426,1.00776,0.0105214,1.00808,8.75546,1.12336
3e+10/1e+11(30%)
at z=3000 out of 10000:
n,cipherZth,cipherOffset,cutZth,cutOffset,cipherMean,cipherSd,cipher2Mean,cipher2Sd,cutMean,cutSd,cut2Mean,cut2Sd,xyMean,xySd
40,2,39,0,-1,-0.0138213,0.989282,0.00541661,1.02881,0.0285546,1.00636,0.00370787,1.00783,8.75533,1.13197
3.1e+10/1e+11(31%)
at z=3100 out of 10000:
n,cipherZth,cipherOffset,cutZth,cutOffset,cipherMean,cipherSd,cipher2Mean,cipher2Sd,cutMean,cutSd,cut2Mean,cut2Sd,xyMean,xySd
40,2,39,0,-1,-0.0127957,0.987203,0.000193844,1.0296,0.0308932,1.00554,0.00183277,1.00932,8.75667,1.12744
3.2e+10/1e+11(32%)
at z=3200 out of 10000:
n,cipherZth,cipherOffset,cutZth,cutOffset,cipherMean,cipherSd,cipher2Mean,cipher2Sd,cutMean,cutSd,cut2Mean,cut2Sd,xyMean,xySd
40,2,39,0,-1,-0.00830842,0.985694,0.00344825,1.02662,0.0268254,1.00479,6.40084e-05,1.01078,8.75465,1.129
3.3e+10/1e+11(33%)
at z=3300 out of 10000:
n,cipherZth,cipherOffset,cutZth,cutOffset,cipherMean,cipherSd,cipher2Mean,cipher2Sd,cutMean,cutSd,cut2Mean,cut2Sd,xyMean,xySd
40,2,39,0,-1,-0.00415041,0.985183,-0.00114702,1.02772,0.0223156,1.00479,0.000147069,1.01466,8.75621,1.12652
3.4e+10/1e+11(34%)
at z=3400 out of 10000:
n,cipherZth,cipherOffset,cutZth,cutOffset,cipherMean,cipherSd,cipher2Mean,cipher2Sd,cutMean,cutSd,cut2Mean,cut2Sd,xyMean,xySd
40,2,39,0,-1,0.00173095,0.9864,-0.00171007,1.02891,0.0183368,1.00695,-0.00040753,1.01029,8.7546,1.1287
3.5e+10/1e+11(35%)
at z=3500 out of 10000:
n,cipherZth,cipherOffset,cutZth,cutOffset,cipherMean,cipherSd,cipher2Mean,cipher2Sd,cutMean,cutSd,cut2Mean,cut2Sd,xyMean,xySd
40,2,39,0,-1,-0.00194776,0.985837,-0.00243907,1.02647,0.0171197,1.00599,-0.000478787,1.00987,8.75104,1.12559
3.6e+10/1e+11(36%)
at z=3600 out of 10000:
n,cipherZth,cipherOffset,cutZth,cutOffset,cipherMean,cipherSd,cipher2Mean,cipher2Sd,cutMean,cutSd,cut2Mean,cut2Sd,xyMean,xySd
40,2,39,0,-1,-0.00393177,0.982967,-0.00673247,1.02908,0.0203851,1.00623,0.00170255,1.00738,8.75314,1.12274
3.7e+10/1e+11(37%)
at z=3700 out of 10000:
n,cipherZth,cipherOffset,cutZth,cutOffset,cipherMean,cipherSd,cipher2Mean,cipher2Sd,cutMean,cutSd,cut2Mean,cut2Sd,xyMean,xySd
40,2,39,0,-1,-0.00628806,0.985559,-0.00676035,1.02822,0.0219962,1.00717,-0.000727188,1.00904,8.75226,1.12675
3.8e+10/1e+11(38%)
at z=3800 out of 10000:
n,cipherZth,cipherOffset,cutZth,cutOffset,cipherMean,cipherSd,cipher2Mean,cipher2Sd,cutMean,cutSd,cut2Mean,cut2Sd,xyMean,xySd
40,2,39,0,-1,-0.00994518,0.984486,-0.0105716,1.02731,0.0188731,1.00518,-0.00322577,1.00804,8.75166,1.12796
3.9e+10/1e+11(39%)
at z=3900 out of 10000:
n,cipherZth,cipherOffset,cutZth,cutOffset,cipherMean,cipherSd,cipher2Mean,cipher2Sd,cutMean,cutSd,cut2Mean,cut2Sd,xyMean,xySd
40,2,39,0,-1,-0.0122324,0.987083,-0.0135145,1.02673,0.0191353,1.00377,-0.00286897,1.00929,8.7485,1.1244
4e+10/1e+11(40%)
at z=4000 out of 10000:
n,cipherZth,cipherOffset,cutZth,cutOffset,cipherMean,cipherSd,cipher2Mean,cipher2Sd,cutMean,cutSd,cut2Mean,cut2Sd,xyMean,xySd
40,2,39,0,-1,-0.0153028,0.98576,-0.0142612,1.02879,0.0210195,1.0038,-0.00284503,1.00889,8.74567,1.12427
4.1e+10/1e+11(41%)
at z=4100 out of 10000:
n,cipherZth,cipherOffset,cutZth,cutOffset,cipherMean,cipherSd,cipher2Mean,cipher2Sd,cutMean,cutSd,cut2Mean,cut2Sd,xyMean,xySd
40,2,39,0,-1,-0.0135428,0.98518,-0.010693,1.02802,0.0232669,1.00719,0.00418226,1.0127,8.74938,1.12181
4.2e+10/1e+11(42%)
at z=4200 out of 10000:
n,cipherZth,cipherOffset,cutZth,cutOffset,cipherMean,cipherSd,cipher2Mean,cipher2Sd,cutMean,cutSd,cut2Mean,cut2Sd,xyMean,xySd
40,2,39,0,-1,-0.0186775,0.986007,-0.0105057,1.03037,0.0234482,1.00815,0.00665107,1.01918,8.75244,1.12374
4.3e+10/1e+11(43%)
at z=4300 out of 10000:
n,cipherZth,cipherOffset,cutZth,cutOffset,cipherMean,cipherSd,cipher2Mean,cipher2Sd,cutMean,cutSd,cut2Mean,cut2Sd,xyMean,xySd
40,2,39,0,-1,-0.016941,0.9863,-0.0118393,1.02971,0.0193346,1.00704,0.00544896,1.01939,8.75189,1.12459
4.4e+10/1e+11(44%)
at z=4400 out of 10000:
n,cipherZth,cipherOffset,cutZth,cutOffset,cipherMean,cipherSd,cipher2Mean,cipher2Sd,cutMean,cutSd,cut2Mean,cut2Sd,xyMean,xySd
40,2,39,0,-1,-0.0139479,0.985979,-0.0123883,1.03213,0.0190191,1.0086,0.00311286,1.01837,8.75004,1.12415
4.5e+10/1e+11(45%)
at z=4500 out of 10000:
n,cipherZth,cipherOffset,cutZth,cutOffset,cipherMean,cipherSd,cipher2Mean,cipher2Sd,cutMean,cutSd,cut2Mean,cut2Sd,xyMean,xySd
40,2,39,0,-1,-0.0154381,0.9841,-0.0103585,1.03308,0.0192025,1.00874,0.00161379,1.01733,8.7525,1.12456
4.6e+10/1e+11(46%)
at z=4600 out of 10000:
n,cipherZth,cipherOffset,cutZth,cutOffset,cipherMean,cipherSd,cipher2Mean,cipher2Sd,cutMean,cutSd,cut2Mean,cut2Sd,xyMean,xySd
40,2,39,0,-1,-0.0190415,0.985295,-0.0113184,1.032,0.0211755,1.00909,0.0032001,1.01947,8.75047,1.12684
4.7e+10/1e+11(47%)
at z=4700 out of 10000:
n,cipherZth,cipherOffset,cutZth,cutOffset,cipherMean,cipherSd,cipher2Mean,cipher2Sd,cutMean,cutSd,cut2Mean,cut2Sd,xyMean,xySd
40,2,39,0,-1,-0.0183257,0.986285,-0.0105437,1.03016,0.0187852,1.01098,0.00260213,1.01989,8.74801,1.12698
4.8e+10/1e+11(48%)
at z=4800 out of 10000:
n,cipherZth,cipherOffset,cutZth,cutOffset,cipherMean,cipherSd,cipher2Mean,cipher2Sd,cutMean,cutSd,cut2Mean,cut2Sd,xyMean,xySd
40,2,39,0,-1,-0.0208899,0.984807,-0.0114399,1.02873,0.0206747,1.00943,-0.00375625,1.01876,8.74997,1.1261
4.9e+10/1e+11(49%)
at z=4900 out of 10000:
n,cipherZth,cipherOffset,cutZth,cutOffset,cipherMean,cipherSd,cipher2Mean,cipher2Sd,cutMean,cutSd,cut2Mean,cut2Sd,xyMean,xySd
40,2,39,0,-1,-0.0201179,0.984662,-0.0107056,1.02838,0.0226405,1.0087,-0.00437508,1.01905,8.74968,1.12817
5e+10/1e+11(50%)
at z=5000 out of 10000:
n,cipherZth,cipherOffset,cutZth,cutOffset,cipherMean,cipherSd,cipher2Mean,cipher2Sd,cutMean,cutSd,cut2Mean,cut2Sd,xyMean,xySd
40,2,39,0,-1,-0.0158808,0.984095,-0.00890157,1.02825,0.018847,1.00836,-0.00101457,1.01808,8.74942,1.12726
5.1e+10/1e+11(51%)
at z=5100 out of 10000:
n,cipherZth,cipherOffset,cutZth,cutOffset,cipherMean,cipherSd,cipher2Mean,cipher2Sd,cutMean,cutSd,cut2Mean,cut2Sd,xyMean,xySd
40,2,39,0,-1,-0.0185257,0.983597,-0.00864889,1.02795,0.0175981,1.00799,-0.00185372,1.01752,8.74696,1.12881
5.2e+10/1e+11(52%)
at z=5200 out of 10000:
n,cipherZth,cipherOffset,cutZth,cutOffset,cipherMean,cipherSd,cipher2Mean,cipher2Sd,cutMean,cutSd,cut2Mean,cut2Sd,xyMean,xySd
40,2,39,0,-1,-0.0180225,0.984031,-0.0112345,1.02588,0.0136833,1.00951,-0.00288399,1.01489,8.74702,1.12743
5.3e+10/1e+11(53%)
at z=5300 out of 10000:
n,cipherZth,cipherOffset,cutZth,cutOffset,cipherMean,cipherSd,cipher2Mean,cipher2Sd,cutMean,cutSd,cut2Mean,cut2Sd,xyMean,xySd
40,2,39,0,-1,-0.0176248,0.987326,-0.00858004,1.02635,0.01225,1.00997,-0.00261155,1.01754,8.74914,1.12674
5.4e+10/1e+11(54%)
at z=5400 out of 10000:
n,cipherZth,cipherOffset,cutZth,cutOffset,cipherMean,cipherSd,cipher2Mean,cipher2Sd,cutMean,cutSd,cut2Mean,cut2Sd,xyMean,xySd
40,2,39,0,-1,-0.0195952,0.987894,-0.00575966,1.02675,0.0121891,1.00928,-0.00240757,1.01769,8.74313,1.12613
5.5e+10/1e+11(55%)
at z=5500 out of 10000:
n,cipherZth,cipherOffset,cutZth,cutOffset,cipherMean,cipherSd,cipher2Mean,cipher2Sd,cutMean,cutSd,cut2Mean,cut2Sd,xyMean,xySd
40,2,39,0,-1,-0.0178307,0.987857,-0.00759702,1.02657,0.0105385,1.00851,-0.00179557,1.01652,8.74274,1.12639
5.6e+10/1e+11(56%)
at z=5600 out of 10000:
n,cipherZth,cipherOffset,cutZth,cutOffset,cipherMean,cipherSd,cipher2Mean,cipher2Sd,cutMean,cutSd,cut2Mean,cut2Sd,xyMean,xySd
40,2,39,0,-1,-0.0159268,0.988305,-0.0100081,1.026,0.00993173,1.00781,-0.00111817,1.01632,8.74113,1.13076
5.7e+10/1e+11(57%)
at z=5700 out of 10000:
n,cipherZth,cipherOffset,cutZth,cutOffset,cipherMean,cipherSd,cipher2Mean,cipher2Sd,cutMean,cutSd,cut2Mean,cut2Sd,xyMean,xySd
40,2,39,0,-1,-0.0153739,0.988718,-0.00980146,1.02699,0.0131057,1.0095,0.000984626,1.01829,8.73745,1.13192
5.8e+10/1e+11(58%)
at z=5800 out of 10000:
n,cipherZth,cipherOffset,cutZth,cutOffset,cipherMean,cipherSd,cipher2Mean,cipher2Sd,cutMean,cutSd,cut2Mean,cut2Sd,xyMean,xySd
40,2,39,0,-1,-0.0142565,0.988816,-0.00933316,1.02752,0.00922407,1.00972,0.00126121,1.02041,8.73991,1.13127
5.9e+10/1e+11(59%)
at z=5900 out of 10000:
n,cipherZth,cipherOffset,cutZth,cutOffset,cipherMean,cipherSd,cipher2Mean,cipher2Sd,cutMean,cutSd,cut2Mean,cut2Sd,xyMean,xySd
40,2,39,0,-1,-0.0133427,0.989081,-0.0086435,1.02818,0.00947138,1.01105,0.00170134,1.02046,8.73922,1.12937
6e+10/1e+11(60%)
at z=6000 out of 10000:
n,cipherZth,cipherOffset,cutZth,cutOffset,cipherMean,cipherSd,cipher2Mean,cipher2Sd,cutMean,cutSd,cut2Mean,cut2Sd,xyMean,xySd
40,2,39,0,-1,-0.0139504,0.988731,-0.00938201,1.02859,0.00976225,1.01008,0.00154195,1.0196,8.73907,1.12924
6.1e+10/1e+11(61%)
at z=6100 out of 10000:
n,cipherZth,cipherOffset,cutZth,cutOffset,cipherMean,cipherSd,cipher2Mean,cipher2Sd,cutMean,cutSd,cut2Mean,cut2Sd,xyMean,xySd
40,2,39,0,-1,-0.0136298,0.988681,-0.0111448,1.02789,0.00973012,1.01018,-0.000262992,1.01856,8.73983,1.12889
6.2e+10/1e+11(62%)
at z=6200 out of 10000:
n,cipherZth,cipherOffset,cutZth,cutOffset,cipherMean,cipherSd,cipher2Mean,cipher2Sd,cutMean,cutSd,cut2Mean,cut2Sd,xyMean,xySd
40,2,39,0,-1,-0.0124971,0.990599,-0.0111972,1.02624,0.0138308,1.00857,0.00431882,1.02058,8.73846,1.13013
6.3e+10/1e+11(63%)
at z=6300 out of 10000:
n,cipherZth,cipherOffset,cutZth,cutOffset,cipherMean,cipherSd,cipher2Mean,cipher2Sd,cutMean,cutSd,cut2Mean,cut2Sd,xyMean,xySd
40,2,39,0,-1,-0.0114843,0.992056,-0.00991438,1.02743,0.0141863,1.00744,0.00487047,1.01964,8.73796,1.12975
6.4e+10/1e+11(64%)
at z=6400 out of 10000:
n,cipherZth,cipherOffset,cutZth,cutOffset,cipherMean,cipherSd,cipher2Mean,cipher2Sd,cutMean,cutSd,cut2Mean,cut2Sd,xyMean,xySd
40,2,39,0,-1,-0.0102961,0.990281,-0.011426,1.0294,0.00945538,1.00631,0.000696435,1.02083,8.73865,1.13013
6.5e+10/1e+11(65%)
at z=6500 out of 10000:
n,cipherZth,cipherOffset,cutZth,cutOffset,cipherMean,cipherSd,cipher2Mean,cipher2Sd,cutMean,cutSd,cut2Mean,cut2Sd,xyMean,xySd
40,2,39,0,-1,-0.00904014,0.991105,-0.0136061,1.03034,0.0137829,1.00657,0.00486679,1.02134,8.73844,1.12941
6.6e+10/1e+11(66%)
at z=6600 out of 10000:
n,cipherZth,cipherOffset,cutZth,cutOffset,cipherMean,cipherSd,cipher2Mean,cipher2Sd,cutMean,cutSd,cut2Mean,cut2Sd,xyMean,xySd
40,2,39,0,-1,-0.0069133,0.991063,-0.0138434,1.03017,0.0112911,1.00681,0.00546745,1.02023,8.73751,1.12947
6.7e+10/1e+11(67%)
at z=6700 out of 10000:
n,cipherZth,cipherOffset,cutZth,cutOffset,cipherMean,cipherSd,cipher2Mean,cipher2Sd,cutMean,cutSd,cut2Mean,cut2Sd,xyMean,xySd
40,2,39,0,-1,-0.00725529,0.991345,-0.0125962,1.02974,0.0133833,1.00675,0.00860392,1.02008,8.74053,1.13033
6.8e+10/1e+11(68%)
at z=6800 out of 10000:
n,cipherZth,cipherOffset,cutZth,cutOffset,cipherMean,cipherSd,cipher2Mean,cipher2Sd,cutMean,cutSd,cut2Mean,cut2Sd,xyMean,xySd
40,2,39,0,-1,-0.00613084,0.990641,-0.0123925,1.02952,0.0120384,1.006,0.0064754,1.02108,8.73885,1.12907
6.9e+10/1e+11(69%)
at z=6900 out of 10000:
n,cipherZth,cipherOffset,cutZth,cutOffset,cipherMean,cipherSd,cipher2Mean,cipher2Sd,cutMean,cutSd,cut2Mean,cut2Sd,xyMean,xySd
40,2,39,0,-1,-0.00322098,0.991272,-0.0109048,1.03014,0.0114251,1.00685,0.0035229,1.02102,8.73981,1.13041
7e+10/1e+11(70%)
at z=7000 out of 10000:
n,cipherZth,cipherOffset,cutZth,cutOffset,cipherMean,cipherSd,cipher2Mean,cipher2Sd,cutMean,cutSd,cut2Mean,cut2Sd,xyMean,xySd
40,2,39,0,-1,-0.00208228,0.989001,-0.0112795,1.02879,0.01206,1.00794,0.00221634,1.02212,8.74265,1.12984
7.1e+10/1e+11(71%)
at z=7100 out of 10000:
n,cipherZth,cipherOffset,cutZth,cutOffset,cipherMean,cipherSd,cipher2Mean,cipher2Sd,cutMean,cutSd,cut2Mean,cut2Sd,xyMean,xySd
40,2,39,0,-1,0.000837124,0.988485,-0.00889127,1.02973,0.0112687,1.00797,0.00173411,1.02234,8.74189,1.12726
7.2e+10/1e+11(72%)
at z=7200 out of 10000:
n,cipherZth,cipherOffset,cutZth,cutOffset,cipherMean,cipherSd,cipher2Mean,cipher2Sd,cutMean,cutSd,cut2Mean,cut2Sd,xyMean,xySd
40,2,39,0,-1,0.00218659,0.988942,-0.00986983,1.0301,0.0116796,1.00886,0.00265248,1.02232,8.74173,1.12632
7.3e+10/1e+11(73%)
at z=7300 out of 10000:
n,cipherZth,cipherOffset,cutZth,cutOffset,cipherMean,cipherSd,cipher2Mean,cipher2Sd,cutMean,cutSd,cut2Mean,cut2Sd,xyMean,xySd
40,2,39,0,-1,0.00107094,0.988385,-0.00969475,1.02969,0.00847442,1.00865,0.00239638,1.02269,8.74085,1.1258
7.4e+10/1e+11(74%)
at z=7400 out of 10000:
n,cipherZth,cipherOffset,cutZth,cutOffset,cipherMean,cipherSd,cipher2Mean,cipher2Sd,cutMean,cutSd,cut2Mean,cut2Sd,xyMean,xySd
40,2,39,0,-1,0.0020156,0.990047,-0.00721982,1.02942,0.00827846,1.00906,0.00329708,1.02301,8.74231,1.12624
7.5e+10/1e+11(75%)
at z=7500 out of 10000:
n,cipherZth,cipherOffset,cutZth,cutOffset,cipherMean,cipherSd,cipher2Mean,cipher2Sd,cutMean,cutSd,cut2Mean,cut2Sd,xyMean,xySd
40,2,39,0,-1,0.00299696,0.990364,-0.00980846,1.02914,0.00869115,1.00881,0.00222396,1.0223,8.74227,1.12458
7.6e+10/1e+11(76%)
at z=7600 out of 10000:
n,cipherZth,cipherOffset,cutZth,cutOffset,cipherMean,cipherSd,cipher2Mean,cipher2Sd,cutMean,cutSd,cut2Mean,cut2Sd,xyMean,xySd
40,2,39,0,-1,0.00357734,0.992662,-0.00924601,1.03004,0.0101368,1.00743,0.00140795,1.02112,8.74288,1.12279
7.7e+10/1e+11(77%)
at z=7700 out of 10000:
n,cipherZth,cipherOffset,cutZth,cutOffset,cipherMean,cipherSd,cipher2Mean,cipher2Sd,cutMean,cutSd,cut2Mean,cut2Sd,xyMean,xySd
40,2,39,0,-1,0.00247141,0.992517,-0.00938226,1.03111,0.0102423,1.0061,0.00244801,1.02088,8.74558,1.12234
7.8e+10/1e+11(78%)
at z=7800 out of 10000:
n,cipherZth,cipherOffset,cutZth,cutOffset,cipherMean,cipherSd,cipher2Mean,cipher2Sd,cutMean,cutSd,cut2Mean,cut2Sd,xyMean,xySd
40,2,39,0,-1,0.0038094,0.993226,-0.00866373,1.03019,0.00946214,1.00565,0.00366645,1.02057,8.746,1.12162
7.9e+10/1e+11(79%)
at z=7900 out of 10000:
n,cipherZth,cipherOffset,cutZth,cutOffset,cipherMean,cipherSd,cipher2Mean,cipher2Sd,cutMean,cutSd,cut2Mean,cut2Sd,xyMean,xySd
40,2,39,0,-1,0.00283219,0.993256,-0.011103,1.03057,0.00910633,1.00679,0.00307011,1.01995,8.74438,1.12014
8e+10/1e+11(80%)
at z=8000 out of 10000:
n,cipherZth,cipherOffset,cutZth,cutOffset,cipherMean,cipherSd,cipher2Mean,cipher2Sd,cutMean,cutSd,cut2Mean,cut2Sd,xyMean,xySd
40,2,39,0,-1,0.00246533,0.992768,-0.00882838,1.03046,0.0115123,1.00789,0.00304487,1.01908,8.74332,1.12026
8.1e+10/1e+11(81%)
at z=8100 out of 10000:
n,cipherZth,cipherOffset,cutZth,cutOffset,cipherMean,cipherSd,cipher2Mean,cipher2Sd,cutMean,cutSd,cut2Mean,cut2Sd,xyMean,xySd
40,2,39,0,-1,0.00407038,0.992151,-0.0086521,1.03079,0.011378,1.00904,0.00232504,1.01898,8.74394,1.12037
8.2e+10/1e+11(82%)
at z=8200 out of 10000:
n,cipherZth,cipherOffset,cutZth,cutOffset,cipherMean,cipherSd,cipher2Mean,cipher2Sd,cutMean,cutSd,cut2Mean,cut2Sd,xyMean,xySd
40,2,39,0,-1,0.00307783,0.991375,-0.0103564,1.03134,0.011127,1.01037,0.00174589,1.01819,8.74562,1.12073
8.3e+10/1e+11(83%)
at z=8300 out of 10000:
n,cipherZth,cipherOffset,cutZth,cutOffset,cipherMean,cipherSd,cipher2Mean,cipher2Sd,cutMean,cutSd,cut2Mean,cut2Sd,xyMean,xySd
40,2,39,0,-1,0.00259859,0.991583,-0.0122912,1.03232,0.0118872,1.01062,0.00211829,1.01847,8.74397,1.12054
8.4e+10/1e+11(84%)
at z=8400 out of 10000:
n,cipherZth,cipherOffset,cutZth,cutOffset,cipherMean,cipherSd,cipher2Mean,cipher2Sd,cutMean,cutSd,cut2Mean,cut2Sd,xyMean,xySd
40,2,39,0,-1,0.00403343,0.99244,-0.0114087,1.0336,0.0116812,1.00989,0.000313241,1.01933,8.74373,1.12101
8.5e+10/1e+11(85%)
at z=8500 out of 10000:
n,cipherZth,cipherOffset,cutZth,cutOffset,cipherMean,cipherSd,cipher2Mean,cipher2Sd,cutMean,cutSd,cut2Mean,cut2Sd,xyMean,xySd
40,2,39,0,-1,0.00239898,0.992291,-0.0111212,1.03338,0.0110318,1.01014,-0.00103975,1.01877,8.74322,1.12139
8.6e+10/1e+11(86%)
at z=8600 out of 10000:
n,cipherZth,cipherOffset,cutZth,cutOffset,cipherMean,cipherSd,cipher2Mean,cipher2Sd,cutMean,cutSd,cut2Mean,cut2Sd,xyMean,xySd
40,2,39,0,-1,0.00392791,0.99414,-0.00914533,1.03262,0.0110074,1.01025,-0.000600909,1.01735,8.74294,1.12144
8.7e+10/1e+11(87%)
at z=8700 out of 10000:
n,cipherZth,cipherOffset,cutZth,cutOffset,cipherMean,cipherSd,cipher2Mean,cipher2Sd,cutMean,cutSd,cut2Mean,cut2Sd,xyMean,xySd
40,2,39,0,-1,0.00486924,0.995707,-0.00780911,1.03247,0.010468,1.00984,-0.00152301,1.01667,8.74372,1.12042
8.8e+10/1e+11(88%)
at z=8800 out of 10000:
n,cipherZth,cipherOffset,cutZth,cutOffset,cipherMean,cipherSd,cipher2Mean,cipher2Sd,cutMean,cutSd,cut2Mean,cut2Sd,xyMean,xySd
40,2,39,0,-1,0.00589305,0.995671,-0.00854738,1.03206,0.0100109,1.01111,-0.00193673,1.0163,8.74396,1.11807
8.9e+10/1e+11(89%)
at z=8900 out of 10000:
n,cipherZth,cipherOffset,cutZth,cutOffset,cipherMean,cipherSd,cipher2Mean,cipher2Sd,cutMean,cutSd,cut2Mean,cut2Sd,xyMean,xySd
40,2,39,0,-1,0.00630106,0.996278,-0.00743575,1.0308,0.0109539,1.00965,-0.00111673,1.01648,8.74617,1.11872
9e+10/1e+11(90%)
at z=9000 out of 10000:
n,cipherZth,cipherOffset,cutZth,cutOffset,cipherMean,cipherSd,cipher2Mean,cipher2Sd,cutMean,cutSd,cut2Mean,cut2Sd,xyMean,xySd
40,2,39,0,-1,0.006917,0.997122,-0.00696663,1.03079,0.0113881,1.0106,-0.000991665,1.01598,8.74677,1.11892
9.1e+10/1e+11(91%)
at z=9100 out of 10000:
n,cipherZth,cipherOffset,cutZth,cutOffset,cipherMean,cipherSd,cipher2Mean,cipher2Sd,cutMean,cutSd,cut2Mean,cut2Sd,xyMean,xySd
40,2,39,0,-1,0.00921711,0.99824,-0.00611883,1.03087,0.0115417,1.00989,-0.00252924,1.01611,8.74684,1.11936
9.2e+10/1e+11(92%)
at z=9200 out of 10000:
n,cipherZth,cipherOffset,cutZth,cutOffset,cipherMean,cipherSd,cipher2Mean,cipher2Sd,cutMean,cutSd,cut2Mean,cut2Sd,xyMean,xySd
40,2,39,0,-1,0.00996226,0.998791,-0.00663402,1.03097,0.0104415,1.00855,-0.00139887,1.01663,8.74585,1.11829
9.3e+10/1e+11(93%)
at z=9300 out of 10000:
n,cipherZth,cipherOffset,cutZth,cutOffset,cipherMean,cipherSd,cipher2Mean,cipher2Sd,cutMean,cutSd,cut2Mean,cut2Sd,xyMean,xySd
40,2,39,0,-1,0.00929064,0.998188,-0.00456237,1.03088,0.0106458,1.00709,-0.00240738,1.01603,8.74801,1.11893
9.4e+10/1e+11(94%)
at z=9400 out of 10000:
n,cipherZth,cipherOffset,cutZth,cutOffset,cipherMean,cipherSd,cipher2Mean,cipher2Sd,cutMean,cutSd,cut2Mean,cut2Sd,xyMean,xySd
40,2,39,0,-1,0.010364,0.998287,-0.00453507,1.03229,0.0126931,1.00888,-0.000693534,1.01648,8.74738,1.11815
9.5e+10/1e+11(95%)
at z=9500 out of 10000:
n,cipherZth,cipherOffset,cutZth,cutOffset,cipherMean,cipherSd,cipher2Mean,cipher2Sd,cutMean,cutSd,cut2Mean,cut2Sd,xyMean,xySd
40,2,39,0,-1,0.0086509,0.998442,-0.00551428,1.03205,0.0131122,1.00763,-0.00136105,1.01749,8.74745,1.11766
9.6e+10/1e+11(96%)
at z=9600 out of 10000:
n,cipherZth,cipherOffset,cutZth,cutOffset,cipherMean,cipherSd,cipher2Mean,cipher2Sd,cutMean,cutSd,cut2Mean,cut2Sd,xyMean,xySd
40,2,39,0,-1,0.0101849,1.00076,-0.00367303,1.03164,0.0126713,1.00728,-0.00265062,1.01686,8.74753,1.11791
9.7e+10/1e+11(97%)
at z=9700 out of 10000:
n,cipherZth,cipherOffset,cutZth,cutOffset,cipherMean,cipherSd,cipher2Mean,cipher2Sd,cutMean,cutSd,cut2Mean,cut2Sd,xyMean,xySd
40,2,39,0,-1,0.00947068,0.999853,-0.00389872,1.0323,0.0112461,1.00641,-0.00407084,1.01707,8.74536,1.11847
9.8e+10/1e+11(98%)
at z=9800 out of 10000:
n,cipherZth,cipherOffset,cutZth,cutOffset,cipherMean,cipherSd,cipher2Mean,cipher2Sd,cutMean,cutSd,cut2Mean,cut2Sd,xyMean,xySd
40,2,39,0,-1,0.0108232,0.999354,-0.00248145,1.03175,0.00997748,1.00671,-0.00378854,1.01729,8.74568,1.11867
9.9e+10/1e+11(99%)
at z=9900 out of 10000:
n,cipherZth,cipherOffset,cutZth,cutOffset,cipherMean,cipherSd,cipher2Mean,cipher2Sd,cutMean,cutSd,cut2Mean,cut2Sd,xyMean,xySd
40,2,39,0,-1,0.0116392,0.999083,-0.000907795,1.03179,0.0105822,1.00595,-0.00451552,1.01932,8.74674,1.1179
1e+11/1e+11(100%)
n,cipherZth,cipherOffset,cutZth,cutOffset,cipherMean,cipherSd,cipher2Mean,cipher2Sd,cutMean,cutSd,cut2Mean,cut2Sd,xyMean,xySd
40,2,39,0,-1,0.0119838,0.998817,0.000436043,1.03087,0.00972442,1.00587,-0.00490605,1.01913,8.74585,1.11944
[       OK ] Stats.Default (76329607 ms)
[----------] 1 test from Stats (76329607 ms total)

[----------] Global test environment tear-down
[==========] 1 test from 1 test suite ran. (76329607 ms total)
[  PASSED  ] 1 test.
